<?xml version="1.0" encoding="UTF-8"?>
<!-- Generated by org.testng.reporters.JUnitReportReporter -->
<testsuite hostname="M5414133" failures="0" tests="1" name="regressionSuite.TC_04_EndToEnd_MyInfo" time="7.513" errors="0" timestamp="21 Jul 2023 09:38:44 GMT" skipped="0">
  <testcase classname="regressionSuite.TC_04_EndToEnd_MyInfo" name="tc_04_EndToEnd" time="7.513"/>
</testsuite> <!-- regressionSuite.TC_04_EndToEnd_MyInfo -->
