<?xml version="1.0" encoding="UTF-8"?>
<!-- Generated by org.testng.reporters.JUnitReportReporter -->
<testsuite hostname="M5414133" failures="0" tests="2" name="regressionSuite.TC_01_EndToEnd" time="11.871" errors="0" timestamp="13 Jul 2023 09:23:19 GMT" skipped="0">
  <testcase classname="regressionSuite.TC_01_EndToEnd" name="tc_01_EndToEnd" time="6.231"/>
  <testcase classname="regressionSuite.TC_01_EndToEnd" name="tc_01_EndToEnd" time="5.640"/>
</testsuite> <!-- regressionSuite.TC_01_EndToEnd -->
