<?xml version="1.0" encoding="UTF-8"?>
<!-- Generated by org.testng.reporters.JUnitReportReporter -->
<testsuite hostname="M5414133" failures="0" tests="1" name="regressionSuite.TC_02_EndToEnd" time="8.258" errors="0" timestamp="21 Jul 2023 09:38:44 GMT" skipped="0">
  <testcase classname="regressionSuite.TC_02_EndToEnd" name="tc_02_EndToEnd" time="8.258"/>
</testsuite> <!-- regressionSuite.TC_02_EndToEnd -->
