<?xml version="1.0" encoding="UTF-8"?>
<!-- Generated by org.testng.reporters.JUnitReportReporter -->
<testsuite hostname="M5414133" failures="0" tests="1" name="regressionSuite.TC_03_EndToEnd_LeavePage" time="7.150" errors="0" timestamp="18 Jul 2023 12:18:14 GMT" skipped="0">
  <testcase classname="regressionSuite.TC_03_EndToEnd_LeavePage" name="tc_01_EndToEnd" time="7.150"/>
</testsuite> <!-- regressionSuite.TC_03_EndToEnd_LeavePage -->
