<?xml version="1.0" encoding="UTF-8"?>
<!-- Generated by org.testng.reporters.JUnitReportReporter -->
<testsuite hostname="M5414133" failures="0" tests="1" name="regressionSuite.TC_02_EndToEnd" time="2.593" errors="0" timestamp="13 Jul 2023 08:42:15 GMT" skipped="0">
  <testcase classname="regressionSuite.TC_02_EndToEnd" name="tc_02_EndToEnd" time="2.593"/>
</testsuite> <!-- regressionSuite.TC_02_EndToEnd -->
