<?xml version="1.0" encoding="UTF-8"?>
<!-- Generated by org.testng.reporters.JUnitReportReporter -->
<testsuite hostname="M5414133" failures="0" tests="1" name="regressionSuite.TC_04_EndToEnd_MyInfo" time="11.072" errors="0" timestamp="22 Jul 2023 07:01:39 GMT" skipped="0">
  <testcase classname="regressionSuite.TC_04_EndToEnd_MyInfo" name="tc_04_EndToEnd" time="11.072"/>
</testsuite> <!-- regressionSuite.TC_04_EndToEnd_MyInfo -->
