<?xml version="1.0" encoding="UTF-8"?>
<!-- Generated by org.testng.reporters.JUnitReportReporter -->
<testsuite hostname="M5414133" failures="0" tests="1" name="regressionSuite.TC_01_EndToEnd" time="5.492" errors="0" timestamp="17 Jul 2023 12:58:11 GMT" skipped="0">
  <testcase classname="regressionSuite.TC_01_EndToEnd" name="tc_01_EndToEnd" time="5.492"/>
</testsuite> <!-- regressionSuite.TC_01_EndToEnd -->
